<?xml version="1.0" encoding="UTF-8"?><testrun name="PracticaSetmana2ApplicationTests (1)" project="setmana_2_practica_JPA_enunciado" tests="11" started="11" failures="1" errors="0" ignored="0">
  <testsuite name="org.formacio.PracticaSetmana2ApplicationTests" time="1.949">
    <testcase name="test_obte_telefon" classname="org.formacio.PracticaSetmana2ApplicationTests" time="0.167"/>
    <testcase name="test_contacte" classname="org.formacio.PracticaSetmana2ApplicationTests" time="0.127"/>
    <testcase name="test_key_no_existe" classname="org.formacio.PracticaSetmana2ApplicationTests" time="0.013"/>
    <testcase name="test_obte_nombre_contactes" classname="org.formacio.PracticaSetmana2ApplicationTests" time="0.43"/>
    <testcase name="test_nou_contacte_get_falla" classname="org.formacio.PracticaSetmana2ApplicationTests" time="0.039"/>
    <testcase name="test_actualizar_contacto" classname="org.formacio.PracticaSetmana2ApplicationTests" time="0.061"/>
    <testcase name="test_contacte_xml" classname="org.formacio.PracticaSetmana2ApplicationTests" time="0.775"/>
    <testcase name="test_error_404" classname="org.formacio.PracticaSetmana2ApplicationTests" time="0.016"/>
    <testcase name="test_contacte_customitzat" classname="org.formacio.PracticaSetmana2ApplicationTests" time="0.066"/>
    <testcase name="test_listar_personas" classname="org.formacio.PracticaSetmana2ApplicationTests" time="0.195">
      <failure>java.lang.AssertionError: Response content expected:&lt;Antoni Joana Lina Josefa&gt; but was:&lt;AntoniJoanaLinaJosefa&gt;
	at org.springframework.test.util.AssertionErrors.fail(AssertionErrors.java:54)
	at org.springframework.test.util.AssertionErrors.assertEquals(AssertionErrors.java:81)
	at org.springframework.test.web.servlet.result.ContentResultMatchers$5.match(ContentResultMatchers.java:149)
	at org.springframework.test.web.servlet.MockMvc$1.andExpect(MockMvc.java:171)
	at org.formacio.PracticaSetmana2ApplicationTests.test_listar_personas(PracticaSetmana2ApplicationTests.java:195)
	at sun.reflect.NativeMethodAccessorImpl.invoke0(Native Method)
	at sun.reflect.NativeMethodAccessorImpl.invoke(NativeMethodAccessorImpl.java:62)
	at sun.reflect.DelegatingMethodAccessorImpl.invoke(DelegatingMethodAccessorImpl.java:43)
	at java.lang.reflect.Method.invoke(Method.java:498)
	at org.junit.runners.model.FrameworkMethod$1.runReflectiveCall(FrameworkMethod.java:50)
	at org.junit.internal.runners.model.ReflectiveCallable.run(ReflectiveCallable.java:12)
	at org.junit.runners.model.FrameworkMethod.invokeExplosively(FrameworkMethod.java:47)
	at org.junit.internal.runners.statements.InvokeMethod.evaluate(InvokeMethod.java:17)
	at org.springframework.test.context.junit4.statements.RunBeforeTestMethodCallbacks.evaluate(RunBeforeTestMethodCallbacks.java:75)
	at org.springframework.test.context.junit4.statements.RunAfterTestMethodCallbacks.evaluate(RunAfterTestMethodCallbacks.java:86)
	at org.springframework.test.context.junit4.statements.SpringRepeat.evaluate(SpringRepeat.java:84)
	at org.junit.runners.ParentRunner.runLeaf(ParentRunner.java:325)
	at org.springframework.test.context.junit4.SpringJUnit4ClassRunner.runChild(SpringJUnit4ClassRunner.java:252)
	at org.springframework.test.context.junit4.SpringJUnit4ClassRunner.runChild(SpringJUnit4ClassRunner.java:94)
	at org.junit.runners.ParentRunner$3.run(ParentRunner.java:290)
	at org.junit.runners.ParentRunner$1.schedule(ParentRunner.java:71)
	at org.junit.runners.ParentRunner.runChildren(ParentRunner.java:288)
	at org.junit.runners.ParentRunner.access$000(ParentRunner.java:58)
	at org.junit.runners.ParentRunner$2.evaluate(ParentRunner.java:268)
	at org.springframework.test.context.junit4.statements.RunBeforeTestClassCallbacks.evaluate(RunBeforeTestClassCallbacks.java:61)
	at org.springframework.test.context.junit4.statements.RunAfterTestClassCallbacks.evaluate(RunAfterTestClassCallbacks.java:70)
	at org.junit.runners.ParentRunner.run(ParentRunner.java:363)
	at org.springframework.test.context.junit4.SpringJUnit4ClassRunner.run(SpringJUnit4ClassRunner.java:191)
	at org.eclipse.jdt.internal.junit4.runner.JUnit4TestReference.run(JUnit4TestReference.java:86)
	at org.eclipse.jdt.internal.junit.runner.TestExecution.run(TestExecution.java:38)
	at org.eclipse.jdt.internal.junit.runner.RemoteTestRunner.runTests(RemoteTestRunner.java:459)
	at org.eclipse.jdt.internal.junit.runner.RemoteTestRunner.runTests(RemoteTestRunner.java:678)
	at org.eclipse.jdt.internal.junit.runner.RemoteTestRunner.run(RemoteTestRunner.java:382)
	at org.eclipse.jdt.internal.junit.runner.RemoteTestRunner.main(RemoteTestRunner.java:192)

</failure>
    </testcase>
    <testcase name="test_nou_contacte" classname="org.formacio.PracticaSetmana2ApplicationTests" time="0.06"/>
  </testsuite>
</testrun>
